[2024-03-27 16:34:31,512][flwr][INFO] - Starting Flower simulation, config: ServerConfig(num_rounds=1, round_timeout=None)
[2024-03-27 16:34:48,268][flwr][INFO] - Flower VCE: Ray initialized with resources: {'memory': 5512559003.0, 'node:127.0.0.1': 1.0, 'GPU': 1.0, 'object_store_memory': 2756279500.0, 'CPU': 12.0}
[2024-03-27 16:34:48,271][flwr][INFO] - Initializing global parameters
[2024-03-27 16:34:48,274][flwr][INFO] - Requesting initial parameters from one random client
[2024-03-27 16:34:51,550][flwr][ERROR] - [36mray::launch_and_get_parameters()[39m (pid=18200, ip=127.0.0.1)
  File "python\ray\_raylet.pyx", line 640, in ray._raylet.execute_task
  File "python\ray\_raylet.pyx", line 644, in ray._raylet.execute_task
  File "c:\Users\ACER\anaconda3\envs\flower_test_1\lib\site-packages\flwr\simulation\ray_transport\ray_client_proxy.py", line 135, in launch_and_get_parameters
    client: Client = _create_client(client_fn, cid)
  File "c:\Users\ACER\anaconda3\envs\flower_test_1\lib\site-packages\flwr\simulation\ray_transport\ray_client_proxy.py", line 168, in _create_client
    client_like: ClientLike = client_fn(cid)
  File "d:\HocTap\flower_federated\client.py", line 74, in client_fn
    return FlowerClient(
  File "D:\HocTap\flower_federated\client.py", line 27, in __init__
    self.model = instantiate(model_cfg)
  File "c:\Users\ACER\anaconda3\envs\flower_test_1\lib\site-packages\hydra\_internal\instantiate\_instantiate2.py", line 253, in instantiate
    raise InstantiationException(
hydra.errors.InstantiationException: Cannot instantiate config of type int.
Top level config must be an OmegaConf DictConfig/ListConfig object,
a plain dict/list, or a Structured Config class or instance.
