[2024-06-11 18:04:30,879][flwr][INFO] - Starting Flower simulation, config: num_rounds=5, no round_timeout
[2024-06-11 18:04:36,669][flwr][INFO] - Flower VCE: Ray initialized with resources: {'memory': 4935502235.0, 'node:127.0.0.1': 1.0, 'object_store_memory': 2467751116.0, 'accelerator_type:G': 1.0, 'node:__internal_head__': 1.0, 'CPU': 16.0, 'GPU': 1.0}
[2024-06-11 18:04:36,669][flwr][INFO] - Optimize your simulation with Flower VCE: https://flower.ai/docs/framework/how-to-run-simulations.html
[2024-06-11 18:04:36,669][flwr][INFO] - Flower VCE: Resources for each Virtual Client: {'num_cpus': 2, 'num_gpus': 0.25}
[2024-06-11 18:04:36,690][flwr][INFO] - Flower VCE: Creating VirtualClientEngineActorPool with 4 actors
[2024-06-11 18:04:36,691][flwr][INFO] - [INIT]
[2024-06-11 18:04:36,691][flwr][INFO] - Requesting initial parameters from one random client
[2024-06-11 18:04:44,060][flwr][INFO] - Received initial parameters from one random client
[2024-06-11 18:04:44,060][flwr][INFO] - Evaluating initial global parameters
[2024-06-11 18:04:55,104][flwr][INFO] - initial parameters (loss, other metrics): 1079.3516566753387, {'accuracy': 0.09798333333333334}
[2024-06-11 18:04:55,106][flwr][INFO] - 
[2024-06-11 18:04:55,106][flwr][INFO] - [ROUND 1]
[2024-06-11 18:04:55,106][flwr][INFO] - configure_fit: strategy sampled 10 clients (out of 100)
[2024-06-11 18:05:19,353][flwr][INFO] - aggregate_fit: received 10 results and 0 failures
[2024-06-11 18:05:19,364][flwr][WARNING] - No fit_metrics_aggregation_fn provided
[2024-06-11 18:05:31,199][flwr][INFO] - fit progress: (1, 1048.9615559577942, {'accuracy': 0.3371166666666667}, 36.093420199999855)
[2024-06-11 18:05:31,201][flwr][INFO] - configure_evaluate: strategy sampled 25 clients (out of 100)
[2024-06-11 18:06:39,209][flwr][INFO] - aggregate_evaluate: received 25 results and 0 failures
[2024-06-11 18:06:39,209][flwr][WARNING] - No evaluate_metrics_aggregation_fn provided
[2024-06-11 18:06:39,209][flwr][INFO] - 
[2024-06-11 18:06:39,211][flwr][INFO] - [ROUND 2]
[2024-06-11 18:06:39,212][flwr][INFO] - configure_fit: strategy sampled 10 clients (out of 100)
[2024-06-11 18:07:08,323][flwr][INFO] - aggregate_fit: received 10 results and 0 failures
[2024-06-11 18:07:24,233][flwr][INFO] - fit progress: (2, 777.2106074094772, {'accuracy': 0.5709166666666666}, 149.1285724999998)
[2024-06-11 18:07:24,233][flwr][INFO] - configure_evaluate: strategy sampled 25 clients (out of 100)
[2024-06-11 18:08:17,799][flwr][INFO] - aggregate_evaluate: received 25 results and 0 failures
[2024-06-11 18:08:17,799][flwr][INFO] - 
[2024-06-11 18:08:17,799][flwr][INFO] - [ROUND 3]
[2024-06-11 18:08:17,799][flwr][INFO] - configure_fit: strategy sampled 10 clients (out of 100)
[2024-06-11 18:08:41,729][flwr][INFO] - aggregate_fit: received 10 results and 0 failures
[2024-06-11 18:08:54,384][flwr][INFO] - fit progress: (3, 361.4665728211403, {'accuracy': 0.7531833333333333}, 239.28281359999983)
[2024-06-11 18:08:54,389][flwr][INFO] - configure_evaluate: strategy sampled 25 clients (out of 100)
[2024-06-11 18:09:39,650][flwr][INFO] - aggregate_evaluate: received 25 results and 0 failures
[2024-06-11 18:09:39,650][flwr][INFO] - 
[2024-06-11 18:09:39,650][flwr][INFO] - [ROUND 4]
[2024-06-11 18:09:39,650][flwr][INFO] - configure_fit: strategy sampled 10 clients (out of 100)
[2024-06-11 18:10:00,334][flwr][INFO] - aggregate_fit: received 10 results and 0 failures
[2024-06-11 18:10:12,924][flwr][INFO] - fit progress: (4, 243.32942613959312, {'accuracy': 0.8625833333333334}, 317.8208967999999)
[2024-06-11 18:10:12,924][flwr][INFO] - configure_evaluate: strategy sampled 25 clients (out of 100)
[2024-06-11 18:10:59,070][flwr][INFO] - aggregate_evaluate: received 25 results and 0 failures
[2024-06-11 18:10:59,070][flwr][INFO] - 
[2024-06-11 18:10:59,070][flwr][INFO] - [ROUND 5]
[2024-06-11 18:10:59,070][flwr][INFO] - configure_fit: strategy sampled 10 clients (out of 100)
[2024-06-11 18:11:19,326][flwr][INFO] - aggregate_fit: received 10 results and 0 failures
[2024-06-11 18:11:32,029][flwr][INFO] - fit progress: (5, 196.212112814188, {'accuracy': 0.88345}, 396.9241608000002)
[2024-06-11 18:11:32,029][flwr][INFO] - configure_evaluate: strategy sampled 25 clients (out of 100)
[2024-06-11 18:12:17,491][flwr][INFO] - aggregate_evaluate: received 25 results and 0 failures
[2024-06-11 18:12:17,498][flwr][INFO] - 
[2024-06-11 18:12:17,498][flwr][INFO] - [SUMMARY]
[2024-06-11 18:12:17,498][flwr][INFO] - Run finished 5 round(s) in 442.39s
[2024-06-11 18:12:17,498][flwr][INFO] - 	History (loss, distributed):
[2024-06-11 18:12:17,498][flwr][INFO] - 		round 1: 6.701375951766968
[2024-06-11 18:12:17,498][flwr][INFO] - 		round 2: 4.947645139694214
[2024-06-11 18:12:17,500][flwr][INFO] - 		round 3: 2.3372619569301607
[2024-06-11 18:12:17,500][flwr][INFO] - 		round 4: 1.482420803308487
[2024-06-11 18:12:17,500][flwr][INFO] - 		round 5: 1.2686011856794357
[2024-06-11 18:12:17,500][flwr][INFO] - 	History (loss, centralized):
[2024-06-11 18:12:17,500][flwr][INFO] - 		round 0: 1079.3516566753387
[2024-06-11 18:12:17,500][flwr][INFO] - 		round 1: 1048.9615559577942
[2024-06-11 18:12:17,500][flwr][INFO] - 		round 2: 777.2106074094772
[2024-06-11 18:12:17,500][flwr][INFO] - 		round 3: 361.4665728211403
[2024-06-11 18:12:17,500][flwr][INFO] - 		round 4: 243.32942613959312
[2024-06-11 18:12:17,500][flwr][INFO] - 		round 5: 196.212112814188
[2024-06-11 18:12:17,500][flwr][INFO] - 	History (metrics, centralized):
[2024-06-11 18:12:17,500][flwr][INFO] - 	{'accuracy': [(0, 0.09798333333333334),
[2024-06-11 18:12:17,500][flwr][INFO] - 	              (1, 0.3371166666666667),
[2024-06-11 18:12:17,500][flwr][INFO] - 	              (2, 0.5709166666666666),
[2024-06-11 18:12:17,500][flwr][INFO] - 	              (3, 0.7531833333333333),
[2024-06-11 18:12:17,502][flwr][INFO] - 	              (4, 0.8625833333333334),
[2024-06-11 18:12:17,502][flwr][INFO] - 	              (5, 0.88345)]}
[2024-06-11 18:12:17,502][flwr][INFO] - 
