[2024-03-28 11:47:54,051][flwr][INFO] - Starting Flower simulation, config: ServerConfig(num_rounds=5, round_timeout=None)
[2024-03-28 11:47:57,753][flwr][INFO] - Flower VCE: Ray initialized with resources: {'node:127.0.0.1': 1.0, 'GPU': 1.0, 'memory': 4887134208.0, 'CPU': 12.0, 'object_store_memory': 2443567104.0}
[2024-03-28 11:47:57,754][flwr][INFO] - Initializing global parameters
[2024-03-28 11:47:57,755][flwr][INFO] - Requesting initial parameters from one random client
[2024-03-28 11:48:00,507][flwr][INFO] - Received initial parameters from one random client
[2024-03-28 11:48:00,508][flwr][INFO] - Evaluating initial parameters
[2024-03-28 11:48:14,514][flwr][INFO] - initial parameters (loss, other metrics): 1079.9683406352997, {'accuracy': 0.09548333333333334}
[2024-03-28 11:48:14,515][flwr][INFO] - FL starting
[2024-03-28 11:48:14,516][flwr][DEBUG] - fit_round 1: strategy sampled 10 clients (out of 100)
[2024-03-28 11:48:39,745][flwr][DEBUG] - fit_round 1 received 10 results and 0 failures
[2024-03-28 11:48:39,771][flwr][WARNING] - No fit_metrics_aggregation_fn provided
[2024-03-28 11:48:53,659][flwr][INFO] - fit progress: (1, 1069.2767593860626, {'accuracy': 0.2599}, 39.143610699999996)
[2024-03-28 11:48:53,661][flwr][DEBUG] - evaluate_round 1: strategy sampled 25 clients (out of 100)
[2024-03-28 11:49:41,974][flwr][DEBUG] - evaluate_round 1 received 25 results and 0 failures
[2024-03-28 11:49:41,975][flwr][WARNING] - No evaluate_metrics_aggregation_fn provided
[2024-03-28 11:49:41,976][flwr][DEBUG] - fit_round 2: strategy sampled 10 clients (out of 100)
[2024-03-28 11:50:02,962][flwr][DEBUG] - fit_round 2 received 10 results and 0 failures
[2024-03-28 11:50:16,526][flwr][INFO] - fit progress: (2, 1021.2527883052826, {'accuracy': 0.45891666666666664}, 122.01023279999998)
[2024-03-28 11:50:16,527][flwr][DEBUG] - evaluate_round 2: strategy sampled 25 clients (out of 100)
[2024-03-28 11:51:06,096][flwr][DEBUG] - evaluate_round 2 received 25 results and 0 failures
[2024-03-28 11:51:06,097][flwr][DEBUG] - fit_round 3: strategy sampled 10 clients (out of 100)
[2024-03-28 11:51:27,101][flwr][DEBUG] - fit_round 3 received 10 results and 0 failures
[2024-03-28 11:51:40,970][flwr][INFO] - fit progress: (3, 574.4532442688942, {'accuracy': 0.6228666666666667}, 206.4533869)
[2024-03-28 11:51:40,970][flwr][DEBUG] - evaluate_round 3: strategy sampled 25 clients (out of 100)
[2024-03-28 11:52:29,962][flwr][DEBUG] - evaluate_round 3 received 25 results and 0 failures
[2024-03-28 11:52:29,963][flwr][DEBUG] - fit_round 4: strategy sampled 10 clients (out of 100)
[2024-03-28 11:52:51,232][flwr][DEBUG] - fit_round 4 received 10 results and 0 failures
[2024-03-28 11:53:04,735][flwr][INFO] - fit progress: (4, 341.0828945040703, {'accuracy': 0.7538}, 290.21889910000004)
[2024-03-28 11:53:04,735][flwr][DEBUG] - evaluate_round 4: strategy sampled 25 clients (out of 100)
[2024-03-28 11:53:56,231][flwr][DEBUG] - evaluate_round 4 received 25 results and 0 failures
[2024-03-28 11:53:56,233][flwr][DEBUG] - fit_round 5: strategy sampled 10 clients (out of 100)
[2024-03-28 11:54:16,724][flwr][DEBUG] - fit_round 5 received 10 results and 0 failures
[2024-03-28 11:54:30,155][flwr][INFO] - fit progress: (5, 240.79776453971863, {'accuracy': 0.8509}, 375.63862880000005)
[2024-03-28 11:54:30,155][flwr][DEBUG] - evaluate_round 5: strategy sampled 25 clients (out of 100)
[2024-03-28 11:55:18,952][flwr][DEBUG] - evaluate_round 5 received 25 results and 0 failures
[2024-03-28 11:55:18,953][flwr][INFO] - FL finished in 424.43767280000003
[2024-03-28 11:55:18,954][flwr][INFO] - app_fit: losses_distributed [(1, 6.838582630157471), (2, 6.524131231307983), (3, 3.6348309779167174), (4, 2.3203229331970214), (5, 1.6074521851539612)]
[2024-03-28 11:55:18,954][flwr][INFO] - app_fit: metrics_distributed_fit {}
[2024-03-28 11:55:18,955][flwr][INFO] - app_fit: metrics_distributed {}
[2024-03-28 11:55:18,955][flwr][INFO] - app_fit: losses_centralized [(0, 1079.9683406352997), (1, 1069.2767593860626), (2, 1021.2527883052826), (3, 574.4532442688942), (4, 341.0828945040703), (5, 240.79776453971863)]
[2024-03-28 11:55:18,956][flwr][INFO] - app_fit: metrics_centralized {'accuracy': [(0, 0.09548333333333334), (1, 0.2599), (2, 0.45891666666666664), (3, 0.6228666666666667), (4, 0.7538), (5, 0.8509)]}
