[2024-03-27 23:23:32,566][flwr][INFO] - Starting Flower simulation, config: ServerConfig(num_rounds=5, round_timeout=None)
[2024-03-27 23:23:36,127][flwr][INFO] - Flower VCE: Ray initialized with resources: {'node:127.0.0.1': 1.0, 'memory': 5316405659.0, 'GPU': 1.0, 'CPU': 12.0, 'object_store_memory': 2658202828.0}
[2024-03-27 23:23:36,128][flwr][INFO] - Initializing global parameters
[2024-03-27 23:23:36,128][flwr][INFO] - Requesting initial parameters from one random client
[2024-03-27 23:23:39,006][flwr][INFO] - Received initial parameters from one random client
[2024-03-27 23:23:39,006][flwr][INFO] - Evaluating initial parameters
[2024-03-27 23:23:52,959][flwr][INFO] - initial parameters (loss, other metrics): 1081.687024116516, {'accuracy': 0.07933333333333334}
[2024-03-27 23:23:52,962][flwr][INFO] - FL starting
[2024-03-27 23:23:52,963][flwr][DEBUG] - fit_round 1: strategy sampled 10 clients (out of 100)
[2024-03-27 23:24:19,677][flwr][DEBUG] - fit_round 1 received 10 results and 0 failures
[2024-03-27 23:24:19,707][flwr][WARNING] - No fit_metrics_aggregation_fn provided
[2024-03-27 23:24:33,818][flwr][INFO] - fit progress: (1, 1070.61496925354, {'accuracy': 0.1615}, 40.855431100000004)
[2024-03-27 23:24:33,819][flwr][DEBUG] - evaluate_round 1: strategy sampled 25 clients (out of 100)
[2024-03-27 23:25:22,105][flwr][DEBUG] - evaluate_round 1 received 25 results and 0 failures
[2024-03-27 23:25:22,106][flwr][WARNING] - No evaluate_metrics_aggregation_fn provided
[2024-03-27 23:25:22,107][flwr][DEBUG] - fit_round 2: strategy sampled 10 clients (out of 100)
[2024-03-27 23:25:44,203][flwr][DEBUG] - fit_round 2 received 10 results and 0 failures
[2024-03-27 23:25:58,598][flwr][INFO] - fit progress: (2, 1031.175833940506, {'accuracy': 0.4246333333333333}, 125.63557399999999)
[2024-03-27 23:25:58,599][flwr][DEBUG] - evaluate_round 2: strategy sampled 25 clients (out of 100)
[2024-03-27 23:26:48,132][flwr][DEBUG] - evaluate_round 2 received 25 results and 0 failures
[2024-03-27 23:26:48,133][flwr][DEBUG] - fit_round 3: strategy sampled 10 clients (out of 100)
[2024-03-27 23:27:08,496][flwr][DEBUG] - fit_round 3 received 10 results and 0 failures
[2024-03-27 23:27:22,471][flwr][INFO] - fit progress: (3, 669.8925160169601, {'accuracy': 0.4972}, 209.508045)
[2024-03-27 23:27:22,472][flwr][DEBUG] - evaluate_round 3: strategy sampled 25 clients (out of 100)
[2024-03-27 23:28:13,949][flwr][DEBUG] - evaluate_round 3 received 25 results and 0 failures
[2024-03-27 23:28:13,950][flwr][DEBUG] - fit_round 4: strategy sampled 10 clients (out of 100)
[2024-03-27 23:28:38,274][flwr][DEBUG] - fit_round 4 received 10 results and 0 failures
[2024-03-27 23:28:54,223][flwr][INFO] - fit progress: (4, 411.62843585014343, {'accuracy': 0.7339666666666667}, 301.2600995)
[2024-03-27 23:28:54,224][flwr][DEBUG] - evaluate_round 4: strategy sampled 25 clients (out of 100)
[2024-03-27 23:30:03,705][flwr][DEBUG] - evaluate_round 4 received 25 results and 0 failures
[2024-03-27 23:30:03,706][flwr][DEBUG] - fit_round 5: strategy sampled 10 clients (out of 100)
[2024-03-27 23:30:31,335][flwr][DEBUG] - fit_round 5 received 10 results and 0 failures
[2024-03-27 23:30:48,703][flwr][INFO] - fit progress: (5, 270.8549085557461, {'accuracy': 0.8363}, 415.74000609999996)
[2024-03-27 23:30:48,703][flwr][DEBUG] - evaluate_round 5: strategy sampled 25 clients (out of 100)
[2024-03-27 23:31:53,048][flwr][DEBUG] - evaluate_round 5 received 25 results and 0 failures
[2024-03-27 23:31:53,049][flwr][INFO] - FL finished in 480.0863409
[2024-03-27 23:31:53,050][flwr][INFO] - app_fit: losses_distributed [(1, 6.850375986099243), (2, 6.6077477169036865), (3, 4.286937222480774), (4, 2.5897644758224487), (5, 1.7613010561466218)]
[2024-03-27 23:31:53,051][flwr][INFO] - app_fit: metrics_distributed_fit {}
[2024-03-27 23:31:53,052][flwr][INFO] - app_fit: metrics_distributed {}
[2024-03-27 23:31:53,052][flwr][INFO] - app_fit: losses_centralized [(0, 1081.687024116516), (1, 1070.61496925354), (2, 1031.175833940506), (3, 669.8925160169601), (4, 411.62843585014343), (5, 270.8549085557461)]
[2024-03-27 23:31:53,054][flwr][INFO] - app_fit: metrics_centralized {'accuracy': [(0, 0.07933333333333334), (1, 0.1615), (2, 0.4246333333333333), (3, 0.4972), (4, 0.7339666666666667), (5, 0.8363)]}
