[2024-06-12 16:04:28,246][flwr][INFO] - Starting Flower simulation, config: num_rounds=10, no round_timeout
[2024-06-12 16:04:33,141][flwr][INFO] - Flower VCE: Ray initialized with resources: {'object_store_memory': 2355484262.0, 'node:127.0.0.1': 1.0, 'memory': 4710968526.0, 'node:__internal_head__': 1.0, 'accelerator_type:G': 1.0, 'CPU': 16.0, 'GPU': 1.0}
[2024-06-12 16:04:33,141][flwr][INFO] - Optimize your simulation with Flower VCE: https://flower.ai/docs/framework/how-to-run-simulations.html
[2024-06-12 16:04:33,141][flwr][INFO] - Flower VCE: Resources for each Virtual Client: {'num_cpus': 2, 'num_gpus': 0.25}
[2024-06-12 16:04:33,157][flwr][INFO] - Flower VCE: Creating VirtualClientEngineActorPool with 4 actors
[2024-06-12 16:04:33,160][flwr][INFO] - [INIT]
[2024-06-12 16:04:33,161][flwr][INFO] - Requesting initial parameters from one random client
[2024-06-12 16:04:39,708][flwr][INFO] - Received initial parameters from one random client
[2024-06-12 16:04:39,708][flwr][INFO] - Evaluating initial global parameters
[2024-06-12 16:04:39,716][flwr][ERROR] - Invalid device string: 'cuda: 0'
[2024-06-12 16:04:39,745][flwr][ERROR] - Traceback (most recent call last):
  File "C:\Users\Tran Thanh Tu\AppData\Local\Programs\Python\Python311\Lib\site-packages\flwr\simulation\app.py", line 323, in start_simulation
    hist = run_fl(
           ^^^^^^^
  File "C:\Users\Tran Thanh Tu\AppData\Local\Programs\Python\Python311\Lib\site-packages\flwr\server\server.py", line 490, in run_fl
    hist, elapsed_time = server.fit(
                         ^^^^^^^^^^^
  File "C:\Users\Tran Thanh Tu\AppData\Local\Programs\Python\Python311\Lib\site-packages\flwr\server\server.py", line 95, in fit
    res = self.strategy.evaluate(0, parameters=self.parameters)
          ^^^^^^^^^^^^^^^^^^^^^^^^^^^^^^^^^^^^^^^^^^^^^^^^^^^^^
  File "C:\Users\Tran Thanh Tu\AppData\Local\Programs\Python\Python311\Lib\site-packages\flwr\server\strategy\fedavg.py", line 167, in evaluate
    eval_res = self.evaluate_fn(server_round, parameters_ndarrays, {})
               ^^^^^^^^^^^^^^^^^^^^^^^^^^^^^^^^^^^^^^^^^^^^^^^^^^^^^^^
  File "D:\DACN\flower_federated\server.py", line 24, in evaluate_fn
    device = torch.device("cuda: 0" if torch.cuda.is_available() else "cpu")
             ^^^^^^^^^^^^^^^^^^^^^^^^^^^^^^^^^^^^^^^^^^^^^^^^^^^^^^^^^^^^^^^
RuntimeError: Invalid device string: 'cuda: 0'

[2024-06-12 16:04:39,745][flwr][ERROR] - Your simulation crashed :(. This could be because of several reasons. The most common are: 
	 > Sometimes, issues in the simulation code itself can cause crashes. It's always a good idea to double-check your code for any potential bugs or inconsistencies that might be contributing to the problem. For example: 
		 - You might be using a class attribute in your clients that hasn't been defined.
		 - There could be an incorrect method call to a 3rd party library (e.g., PyTorch).
		 - The return types of methods in your clients/strategies might be incorrect.
	 > Your system couldn't fit a single VirtualClient: try lowering `client_resources`.
	 > All the actors in your pool crashed. This could be because: 
		 - You clients hit an out-of-memory (OOM) error and actors couldn't recover from it. Try launching your simulation with more generous `client_resources` setting (i.e. it seems {'num_cpus': 2, 'num_gpus': 0.25} is not enough for your run). Use fewer concurrent actors. 
		 - You were running a multi-node simulation and all worker nodes disconnected. The head node might still be alive but cannot accommodate any actor with resources: {'num_cpus': 2, 'num_gpus': 0.25}.
Take a look at the Flower simulation examples for guidance <https://flower.ai/docs/framework/how-to-run-simulations.html>.
