[2024-06-12 16:11:55,860][flwr][INFO] - Starting Flower simulation, config: num_rounds=10, no round_timeout
[2024-06-12 16:12:00,596][flwr][INFO] - Flower VCE: Ray initialized with resources: {'object_store_memory': 1563462451.0, 'node:127.0.0.1': 1.0, 'memory': 3126924903.0, 'node:__internal_head__': 1.0, 'CPU': 16.0, 'accelerator_type:G': 1.0, 'GPU': 1.0}
[2024-06-12 16:12:00,596][flwr][INFO] - Optimize your simulation with Flower VCE: https://flower.ai/docs/framework/how-to-run-simulations.html
[2024-06-12 16:12:00,596][flwr][INFO] - Flower VCE: Resources for each Virtual Client: {'num_cpus': 2, 'num_gpus': 0.25}
[2024-06-12 16:12:00,609][flwr][INFO] - Flower VCE: Creating VirtualClientEngineActorPool with 4 actors
[2024-06-12 16:12:00,610][flwr][INFO] - [INIT]
[2024-06-12 16:12:00,610][flwr][INFO] - Requesting initial parameters from one random client
[2024-06-12 16:12:07,269][flwr][INFO] - Received initial parameters from one random client
[2024-06-12 16:12:07,269][flwr][INFO] - Evaluating initial global parameters
[2024-06-12 16:12:16,200][flwr][INFO] - initial parameters (loss, other metrics): 2.303026191715493, {'accuracy': 0.11363333333333334}
[2024-06-12 16:12:16,200][flwr][INFO] - 
[2024-06-12 16:12:16,200][flwr][INFO] - [ROUND 1]
[2024-06-12 16:12:16,200][flwr][INFO] - configure_fit: strategy sampled 10 clients (out of 100)
[2024-06-12 16:12:45,312][flwr][INFO] - aggregate_fit: received 10 results and 0 failures
[2024-06-12 16:12:45,322][flwr][WARNING] - No fit_metrics_aggregation_fn provided
[2024-06-12 16:12:54,019][flwr][INFO] - fit progress: (1, 2.1996166894176623, {'accuracy': 0.38426666666666665}, 37.81924809999998)
[2024-06-12 16:12:54,019][flwr][INFO] - configure_evaluate: strategy sampled 25 clients (out of 100)
[2024-06-12 16:13:44,429][flwr][INFO] - aggregate_evaluate: received 25 results and 0 failures
[2024-06-12 16:13:44,434][flwr][WARNING] - No evaluate_metrics_aggregation_fn provided
[2024-06-12 16:13:44,434][flwr][INFO] - 
[2024-06-12 16:13:44,434][flwr][INFO] - [ROUND 2]
[2024-06-12 16:13:44,434][flwr][INFO] - configure_fit: strategy sampled 10 clients (out of 100)
[2024-06-12 16:14:09,690][flwr][INFO] - aggregate_fit: received 10 results and 0 failures
[2024-06-12 16:14:19,801][flwr][INFO] - fit progress: (2, 1.2347764414764926, {'accuracy': 0.66555}, 123.60273900000004)
[2024-06-12 16:14:19,801][flwr][INFO] - configure_evaluate: strategy sampled 25 clients (out of 100)
[2024-06-12 16:15:24,667][flwr][INFO] - aggregate_evaluate: received 25 results and 0 failures
[2024-06-12 16:15:24,669][flwr][INFO] - 
[2024-06-12 16:15:24,669][flwr][INFO] - [ROUND 3]
[2024-06-12 16:15:24,670][flwr][INFO] - configure_fit: strategy sampled 10 clients (out of 100)
[2024-06-12 16:15:49,827][flwr][INFO] - aggregate_fit: received 10 results and 0 failures
[2024-06-12 16:15:58,040][flwr][INFO] - fit progress: (3, 0.6676849222132392, {'accuracy': 0.7903}, 221.8392162)
[2024-06-12 16:15:58,041][flwr][INFO] - configure_evaluate: strategy sampled 25 clients (out of 100)
[2024-06-12 16:16:47,839][flwr][INFO] - aggregate_evaluate: received 25 results and 0 failures
[2024-06-12 16:16:47,839][flwr][INFO] - 
[2024-06-12 16:16:47,839][flwr][INFO] - [ROUND 4]
[2024-06-12 16:16:47,839][flwr][INFO] - configure_fit: strategy sampled 10 clients (out of 100)
[2024-06-12 16:17:07,425][flwr][INFO] - aggregate_fit: received 10 results and 0 failures
[2024-06-12 16:17:15,073][flwr][INFO] - fit progress: (4, 0.539141338898429, {'accuracy': 0.8345833333333333}, 298.87243190000004)
[2024-06-12 16:17:15,074][flwr][INFO] - configure_evaluate: strategy sampled 25 clients (out of 100)
[2024-06-12 16:17:57,440][flwr][INFO] - aggregate_evaluate: received 25 results and 0 failures
[2024-06-12 16:17:57,440][flwr][INFO] - 
[2024-06-12 16:17:57,440][flwr][INFO] - [ROUND 5]
[2024-06-12 16:17:57,440][flwr][INFO] - configure_fit: strategy sampled 10 clients (out of 100)
[2024-06-12 16:18:15,828][flwr][INFO] - aggregate_fit: received 10 results and 0 failures
[2024-06-12 16:18:23,577][flwr][INFO] - fit progress: (5, 0.405293137756492, {'accuracy': 0.8767666666666667}, 367.3765138)
[2024-06-12 16:18:23,578][flwr][INFO] - configure_evaluate: strategy sampled 25 clients (out of 100)
[2024-06-12 16:19:05,105][flwr][INFO] - aggregate_evaluate: received 25 results and 0 failures
[2024-06-12 16:19:05,110][flwr][INFO] - 
[2024-06-12 16:19:05,110][flwr][INFO] - [ROUND 6]
[2024-06-12 16:19:05,110][flwr][INFO] - configure_fit: strategy sampled 10 clients (out of 100)
[2024-06-12 16:19:23,403][flwr][INFO] - aggregate_fit: received 10 results and 0 failures
[2024-06-12 16:19:31,199][flwr][INFO] - fit progress: (6, 0.31458606974466014, {'accuracy': 0.9102166666666667}, 435.0004549)
[2024-06-12 16:19:31,202][flwr][INFO] - configure_evaluate: strategy sampled 25 clients (out of 100)
[2024-06-12 16:20:13,742][flwr][INFO] - aggregate_evaluate: received 25 results and 0 failures
[2024-06-12 16:20:13,742][flwr][INFO] - 
[2024-06-12 16:20:13,742][flwr][INFO] - [ROUND 7]
[2024-06-12 16:20:13,743][flwr][INFO] - configure_fit: strategy sampled 10 clients (out of 100)
[2024-06-12 16:20:31,423][flwr][INFO] - aggregate_fit: received 10 results and 0 failures
[2024-06-12 16:20:39,250][flwr][INFO] - fit progress: (7, 0.2642826168204167, {'accuracy': 0.9189}, 503.05366990000005)
[2024-06-12 16:20:39,256][flwr][INFO] - configure_evaluate: strategy sampled 25 clients (out of 100)
[2024-06-12 16:21:20,799][flwr][INFO] - aggregate_evaluate: received 25 results and 0 failures
[2024-06-12 16:21:20,799][flwr][INFO] - 
[2024-06-12 16:21:20,799][flwr][INFO] - [ROUND 8]
[2024-06-12 16:21:20,799][flwr][INFO] - configure_fit: strategy sampled 10 clients (out of 100)
[2024-06-12 16:21:38,472][flwr][INFO] - aggregate_fit: received 10 results and 0 failures
[2024-06-12 16:21:46,261][flwr][INFO] - fit progress: (8, 0.25015485094490847, {'accuracy': 0.9233166666666667}, 570.0596108000001)
[2024-06-12 16:21:46,261][flwr][INFO] - configure_evaluate: strategy sampled 25 clients (out of 100)
[2024-06-12 16:22:27,178][flwr][INFO] - aggregate_evaluate: received 25 results and 0 failures
[2024-06-12 16:22:27,179][flwr][INFO] - 
[2024-06-12 16:22:27,180][flwr][INFO] - [ROUND 9]
[2024-06-12 16:22:27,180][flwr][INFO] - configure_fit: strategy sampled 10 clients (out of 100)
[2024-06-12 16:22:44,780][flwr][INFO] - aggregate_fit: received 10 results and 0 failures
[2024-06-12 16:22:52,890][flwr][INFO] - fit progress: (9, 0.22419285402496233, {'accuracy': 0.9289833333333334}, 636.6910297000001)
[2024-06-12 16:22:52,890][flwr][INFO] - configure_evaluate: strategy sampled 25 clients (out of 100)
[2024-06-12 16:23:49,011][flwr][INFO] - aggregate_evaluate: received 25 results and 0 failures
[2024-06-12 16:23:49,011][flwr][INFO] - 
[2024-06-12 16:23:49,011][flwr][INFO] - [ROUND 10]
[2024-06-12 16:23:49,015][flwr][INFO] - configure_fit: strategy sampled 10 clients (out of 100)
[2024-06-12 16:24:13,679][flwr][INFO] - aggregate_fit: received 10 results and 0 failures
[2024-06-12 16:24:22,450][flwr][INFO] - fit progress: (10, 0.20786883959224992, {'accuracy': 0.9353666666666667}, 726.2538566)
[2024-06-12 16:24:22,450][flwr][INFO] - configure_evaluate: strategy sampled 25 clients (out of 100)
[2024-06-12 16:25:22,150][flwr][INFO] - aggregate_evaluate: received 25 results and 0 failures
[2024-06-12 16:25:22,150][flwr][INFO] - 
[2024-06-12 16:25:22,150][flwr][INFO] - [SUMMARY]
[2024-06-12 16:25:22,150][flwr][INFO] - Run finished 10 round(s) in 785.96s
[2024-06-12 16:25:22,160][flwr][INFO] - 	History (loss, distributed):
[2024-06-12 16:25:22,180][flwr][INFO] - 		round 1: 2.198408301671346
[2024-06-12 16:25:22,180][flwr][INFO] - 		round 2: 1.2294510889053345
[2024-06-12 16:25:22,180][flwr][INFO] - 		round 3: 0.6982358169555664
[2024-06-12 16:25:22,180][flwr][INFO] - 		round 4: 0.5199473003546397
[2024-06-12 16:25:22,180][flwr][INFO] - 		round 5: 0.3775878665844599
[2024-06-12 16:25:22,180][flwr][INFO] - 		round 6: 0.3290851612885793
[2024-06-12 16:25:22,180][flwr][INFO] - 		round 7: 0.2759807725250721
[2024-06-12 16:25:22,180][flwr][INFO] - 		round 8: 0.3069494438668092
[2024-06-12 16:25:22,190][flwr][INFO] - 		round 9: 0.2423261489967505
[2024-06-12 16:25:22,190][flwr][INFO] - 		round 10: 0.23195220537483693
[2024-06-12 16:25:22,190][flwr][INFO] - 	History (loss, centralized):
[2024-06-12 16:25:22,190][flwr][INFO] - 		round 0: 2.303026191715493
[2024-06-12 16:25:22,190][flwr][INFO] - 		round 1: 2.1996166894176623
[2024-06-12 16:25:22,190][flwr][INFO] - 		round 2: 1.2347764414764926
[2024-06-12 16:25:22,190][flwr][INFO] - 		round 3: 0.6676849222132392
[2024-06-12 16:25:22,190][flwr][INFO] - 		round 4: 0.539141338898429
[2024-06-12 16:25:22,190][flwr][INFO] - 		round 5: 0.405293137756492
[2024-06-12 16:25:22,190][flwr][INFO] - 		round 6: 0.31458606974466014
[2024-06-12 16:25:22,190][flwr][INFO] - 		round 7: 0.2642826168204167
[2024-06-12 16:25:22,190][flwr][INFO] - 		round 8: 0.25015485094490847
[2024-06-12 16:25:22,190][flwr][INFO] - 		round 9: 0.22419285402496233
[2024-06-12 16:25:22,190][flwr][INFO] - 		round 10: 0.20786883959224992
[2024-06-12 16:25:22,190][flwr][INFO] - 	History (metrics, centralized):
[2024-06-12 16:25:22,195][flwr][INFO] - 	{'accuracy': [(0, 0.11363333333333334),
[2024-06-12 16:25:22,195][flwr][INFO] - 	              (1, 0.38426666666666665),
[2024-06-12 16:25:22,195][flwr][INFO] - 	              (2, 0.66555),
[2024-06-12 16:25:22,195][flwr][INFO] - 	              (3, 0.7903),
[2024-06-12 16:25:22,195][flwr][INFO] - 	              (4, 0.8345833333333333),
[2024-06-12 16:25:22,195][flwr][INFO] - 	              (5, 0.8767666666666667),
[2024-06-12 16:25:22,195][flwr][INFO] - 	              (6, 0.9102166666666667),
[2024-06-12 16:25:22,195][flwr][INFO] - 	              (7, 0.9189),
[2024-06-12 16:25:22,195][flwr][INFO] - 	              (8, 0.9233166666666667),
[2024-06-12 16:25:22,195][flwr][INFO] - 	              (9, 0.9289833333333334),
[2024-06-12 16:25:22,195][flwr][INFO] - 	              (10, 0.9353666666666667)]}
[2024-06-12 16:25:22,195][flwr][INFO] - 
